
[08-04-2019_01h33m21s]:
Updating Pixel Table: Data.pixtab
New data: Carlos.dat
Writing on: Data.pixtab
Saving preview image on: preview_images\Data_08-04-2019_01h33m21s_Preview.png
Saving backup pixtab on: pixtab_bckps\Data_08-04-2019_01h33m21s.pixtab

[08-04-2019_13h22m49s]:
Updating Pixel Table: Data.pixtab
New data: Carlos.dat
Writing on: Data.pixtab
Saving preview image on: preview_images\Data_08-04-2019_13h22m49s_Preview.png
Saving backup pixtab on: pixtab_bckps\Data_08-04-2019_13h22m49s.pixtab
[15-05-2019_05h31m20s]:
Updating Pixel Table: Data.pixtab
New data: Carlos.dat
Writing on: Data.pixtab
Saving preview image on: preview_images\Data_15-05-2019_05h31m20s_Preview.png
Saving backup pixtab on: pixtab_bckps\Data_15-05-2019_05h31m20s.pixtab

[15-05-2019_01h48m03s]:
Updating Pixel Table: Data.pixtab
New data: all_sky.dat
Writing on: Data.pixtab
Saving preview image on: preview_images\Data_15-05-2019_01h48m03s_Preview.png
Saving backup pixtab on: pixtab_bckps\Data_15-05-2019_01h48m03s.pixtab

[12-01-2020_22h49m23s]:
Updating Pixel Table: Data.pixtab
New data: drop_outlayer.dat
Writing on: drop_outlayers.pixtab

[12-01-2020_22h56m22s]:
Updating Pixel Table: Data.pixtab
New data: drop_outlayer.dat
Writing on: drop_outlayers.pixtab

[12-01-2020_23h01m17s]:
Updating Pixel Table: Data.pixtab
New data: drop_outlayer.dat
Writing on: drop_outlayers.pixtab

[20-01-2020_13h17m18s]:
Updating Pixel Table: Data.pixtab
New data: drop_outlayer.dat
Writing on: drop_outlayers.pixtab

[20-01-2020_15h42m53s]:
Updating Pixel Table: Data.pixtab
New data: drop_outlayer.dat
Writing on: drop_outlayers.pixtab

[20-01-2020_15h48m24s]:
Updating Pixel Table: Data.pixtab
New data: drop_outlayer.dat
Writing on: drop_outlayers.pixtab
