
[19-04-2019_16h13m08s]:
Interpolating Pixel Table: Data.pixtab
Writing on: Interpolated_Data.pixtab
Saving preview image on: interpolated_preview_images\Interpolated_Data_19-04-2019_16h13m08s_Preview.png

[19-04-2019_16h38m19s]:
Interpolating Pixel Table: Data.pixtab
Writing on: Interpolated_Data.pixtab
Saving preview image on: interpolated_preview_images\Interpolated_Data_19-04-2019_16h38m19s_Preview.png

[19-04-2019_16h43m30s]:
Interpolating Pixel Table: Data.pixtab
Writing on: Interpolated_Data.pixtab
Saving preview image on: interpolated_preview_images\Interpolated_Data_19-04-2019_16h43m30s_Preview.png

[19-04-2019_16h53m34s]:
Interpolating Pixel Table: Data.pixtab
Writing on: Interpolated_Data.pixtab
Saving preview image on: interpolated_preview_images\Interpolated_Data_19-04-2019_16h53m34s_Preview.png

[19-04-2019_19h29m28s]:
Interpolating Pixel Table: Data.pixtab
Writing on: Interpolated_Data.pixtab
Saving preview image on: interpolated_preview_images\Interpolated_Data_19-04-2019_19h29m28s_Preview.png

[19-04-2019_19h37m55s]:
Interpolating Pixel Table: Data.pixtab
Writing on: Interpolated_Data.pixtab
Saving preview image on: interpolated_preview_images\Interpolated_Data_19-04-2019_19h37m55s_Preview.png

[19-04-2019_21h11m39s]:
Interpolating Pixel Table: Data.pixtab
Writing on: Interpolated_Data.pixtab
Saving preview image on: interpolated_preview_images\Interpolated_Data_19-04-2019_21h11m39s_Preview.png

[19-04-2019_21h11m48s]:
Interpolating Pixel Table: Data.pixtab
Writing on: Interpolated_Data.pixtab
Saving preview image on: interpolated_preview_images\Interpolated_Data_19-04-2019_21h11m48s_Preview.png

[19-04-2019_21h11m56s]:
Interpolating Pixel Table: Data.pixtab
Writing on: Interpolated_Data.pixtab
Saving preview image on: interpolated_preview_images\Interpolated_Data_19-04-2019_21h11m56s_Preview.png

[19-04-2019_21h12m04s]:
Interpolating Pixel Table: Data.pixtab
Writing on: Interpolated_Data.pixtab
Saving preview image on: interpolated_preview_images\Interpolated_Data_19-04-2019_21h12m04s_Preview.png

[19-04-2019_21h12m17s]:
Interpolating Pixel Table: Data.pixtab
Writing on: Interpolated_Data.pixtab
Saving preview image on: interpolated_preview_images\Interpolated_Data_19-04-2019_21h12m17s_Preview.png

[19-04-2019_23h08m55s]:
Interpolating Pixel Table: Data.pixtab
Writing on: Interpolated_Data.pixtab
Saving preview image on: interpolated_preview_images\Interpolated_Data_19-04-2019_23h08m55s_Preview.png

[19-04-2019_23h15m18s]:
Interpolating Pixel Table: Data.pixtab
Writing on: Interpolated_Data.pixtab
Saving preview image on: interpolated_preview_images\Interpolated_Data_19-04-2019_23h15m18s_Preview.png

[19-04-2019_23h25m00s]:
Interpolating Pixel Table: Data.pixtab
Writing on: Interpolated_Data.pixtab
Saving preview image on: interpolated_preview_images\Interpolated_Data_19-04-2019_23h25m00s_Preview.png

[19-04-2019_23h58m33s]:
Interpolating Pixel Table: Data.pixtab
Writing on: Interpolated_Data.pixtab
Saving preview image on: interpolated_preview_images\Interpolated_Data_19-04-2019_23h58m33s_Preview.png
Saving backup pixtab on: interpolated_pixtab_bckps\Interpolated_Data_19-04-2019_23h58m33s.pixtab

[24-04-2019_02h04m23s]:
Interpolating Pixel Table: Data.pixtab
Writing on: Interpolated_Data.pixtab
Saving preview image on: interpolated_preview_images\Interpolated_Data_24-04-2019_02h04m23s_Preview.png
Saving backup pixtab on: interpolated_pixtab_bckps\Interpolated_Data_24-04-2019_02h04m23s.pixtab

[24-04-2019_02h10m47s]:
Interpolating Pixel Table: Data.pixtab
Writing on: Interpolated_Data.pixtab
Saving preview image on: interpolated_preview_images\Interpolated_Data_24-04-2019_02h10m47s_Preview.png
Saving backup pixtab on: interpolated_pixtab_bckps\Interpolated_Data_24-04-2019_02h10m47s.pixtab

[24-04-2019_02h21m31s]:
Interpolating Pixel Table: Data.pixtab
Writing on: Interpolated_Data.pixtab
Saving preview image on: interpolated_preview_images\Interpolated_Data_24-04-2019_02h21m31s_Preview.png
Saving backup pixtab on: interpolated_pixtab_bckps\Interpolated_Data_24-04-2019_02h21m31s.pixtab

[24-04-2019_02h27m36s]:
Interpolating Pixel Table: Data.pixtab
Writing on: Interpolated_Data.pixtab
Saving preview image on: interpolated_preview_images\Interpolated_Data_24-04-2019_02h27m36s_Preview.png
Saving backup pixtab on: interpolated_pixtab_bckps\Interpolated_Data_24-04-2019_02h27m36s.pixtab

[24-04-2019_02h34m43s]:
Interpolating Pixel Table: Data.pixtab
Writing on: Interpolated_Data.pixtab
Saving preview image on: interpolated_preview_images\Interpolated_Data_24-04-2019_02h34m43s_Preview.png
Saving backup pixtab on: interpolated_pixtab_bckps\Interpolated_Data_24-04-2019_02h34m43s.pixtab

[24-04-2019_02h40m46s]:
Interpolating Pixel Table: Data.pixtab
Writing on: Interpolated_Data.pixtab
Saving preview image on: interpolated_preview_images\Interpolated_Data_24-04-2019_02h40m46s_Preview.png
Saving backup pixtab on: interpolated_pixtab_bckps\Interpolated_Data_24-04-2019_02h40m46s.pixtab

[24-04-2019_02h44m10s]:
Interpolating Pixel Table: Data.pixtab
Writing on: Interpolated_Data.pixtab
Saving preview image on: interpolated_preview_images\Interpolated_Data_24-04-2019_02h44m10s_Preview.png
Saving backup pixtab on: interpolated_pixtab_bckps\Interpolated_Data_24-04-2019_02h44m10s.pixtab

[24-04-2019_02h50m48s]:
Interpolating Pixel Table: Data.pixtab
Writing on: Interpolated_Data.pixtab
Saving preview image on: interpolated_preview_images\Interpolated_Data_24-04-2019_02h50m48s_Preview.png
Saving backup pixtab on: interpolated_pixtab_bckps\Interpolated_Data_24-04-2019_02h50m48s.pixtab

[24-04-2019_02h56m42s]:
Interpolating Pixel Table: Data.pixtab
Writing on: Interpolated_Data.pixtab
Saving preview image on: interpolated_preview_images\Interpolated_Data_24-04-2019_02h56m42s_Preview.png
Saving backup pixtab on: interpolated_pixtab_bckps\Interpolated_Data_24-04-2019_02h56m42s.pixtab

[15-05-2019_02h14m44s]:
Interpolating Pixel Table: Data.pixtab
Writing on: Interpolated_Data.pixtab
Saving preview image on: interpolated_preview_images\Interpolated_Data_15-05-2019_02h14m44s_Preview.png
Saving backup pixtab on: interpolated_pixtab_bckps\Interpolated_Data_15-05-2019_02h14m44s.pixtab

[30-05-2019_15h56m34s]:
Interpolating Pixel Table: Data.pixtab
Writing on: Interpolated_Data.pixtab
Saving preview image on: interpolated_preview_images\Interpolated_Data_30-05-2019_15h56m34s_Preview.png
Saving backup pixtab on: interpolated_pixtab_bckps\Interpolated_Data_30-05-2019_15h56m34s.pixtab

[30-05-2019_16h57m55s]:
Interpolating Pixel Table: Data.pixtab
Writing on: Interpolated_Data.pixtab
Saving preview image on: interpolated_preview_images\Interpolated_Data_30-05-2019_16h57m55s_Preview.png
Saving backup pixtab on: interpolated_pixtab_bckps\Interpolated_Data_30-05-2019_16h57m55s.pixtab

[13-01-2020_17h17m20s]:
Interpolating Pixel Table: Data.pixtab
Writing on: Interpolated_Data.pixtab
Saving backup pixtab on: interpolated_pixtab_bckps\Interpolated_Data_13-01-2020_17h17m20s.pixtab

[14-01-2020_10h42m36s]:
Interpolating Pixel Table: Data.pixtab
Writing on: Interpolated_Data.pixtab
Saving backup pixtab on: interpolated_pixtab_bckps\Interpolated_Data_14-01-2020_10h42m36s.pixtab

[19-01-2020_17h06m59s]:
Interpolating Pixel Table: Data.pixtab
Writing on: Interpolated_Data.pixtab
Saving backup pixtab on: interpolated_pixtab_bckps\Interpolated_Data_19-01-2020_17h06m59s.pixtab

[21-01-2020_00h45m43s]:
Interpolating Pixel Table: Data.pixtab
Writing on: Interpolated_Data.pixtab
Saving backup pixtab on: interpolated_pixtab_bckps\Interpolated_Data_21-01-2020_00h45m43s.pixtab

[21-01-2020_01h54m15s]:
Interpolating Pixel Table: Data.pixtab
Writing on: Interpolated_Data.pixtab
Saving backup pixtab on: interpolated_pixtab_bckps\Interpolated_Data_21-01-2020_01h54m15s.pixtab

[21-01-2020_10h50m12s]:
Interpolating Pixel Table: Data.pixtab
Writing on: Interpolated_Data.pixtab
Saving backup pixtab on: interpolated_pixtab_bckps\Interpolated_Data_21-01-2020_10h50m12s.pixtab

[21-01-2020_11h52m52s]:
Interpolating Pixel Table: Data.pixtab
Writing on: Interpolated_Data.pixtab
Saving backup pixtab on: interpolated_pixtab_bckps\Interpolated_Data_21-01-2020_11h52m52s.pixtab

[21-01-2020_12h01m15s]:
Interpolating Pixel Table: Data.pixtab
Writing on: Interpolated_Data.pixtab
Saving backup pixtab on: interpolated_pixtab_bckps\Interpolated_Data_21-01-2020_12h01m15s.pixtab

[21-01-2020_12h22m50s]:
Interpolating Pixel Table: Data.pixtab
Writing on: Interpolated_Data.pixtab
Saving backup pixtab on: interpolated_pixtab_bckps\Interpolated_Data_21-01-2020_12h22m50s.pixtab

[21-01-2020_13h28m31s]:
Interpolating Pixel Table: Data.pixtab
Writing on: Interpolated_Data.pixtab
Saving backup pixtab on: interpolated_pixtab_bckps\Interpolated_Data_21-01-2020_13h28m31s.pixtab

[21-01-2020_13h41m37s]:
Interpolating Pixel Table: Data.pixtab
Writing on: Interpolated_Data.pixtab
Saving backup pixtab on: interpolated_pixtab_bckps\Interpolated_Data_21-01-2020_13h41m37s.pixtab

[21-01-2020_14h30m07s]:
Interpolating Pixel Table: Data.pixtab
Writing on: Interpolated_Data.pixtab
Saving backup pixtab on: interpolated_pixtab_bckps\Interpolated_Data_21-01-2020_14h30m07s.pixtab

[21-01-2020_14h46m06s]:
Interpolating Pixel Table: Data.pixtab
Writing on: Interpolated_Data.pixtab
Saving backup pixtab on: interpolated_pixtab_bckps\Interpolated_Data_21-01-2020_14h46m06s.pixtab

[21-01-2020_14h54m49s]:
Interpolating Pixel Table: Data.pixtab
Writing on: Interpolated_Data.pixtab
Saving backup pixtab on: interpolated_pixtab_bckps\Interpolated_Data_21-01-2020_14h54m49s.pixtab

[21-01-2020_15h04m55s]:
Interpolating Pixel Table: Data.pixtab
Writing on: Interpolated_Data.pixtab
Saving backup pixtab on: interpolated_pixtab_bckps\Interpolated_Data_21-01-2020_15h04m55s.pixtab

[21-01-2020_15h35m13s]:
Interpolating Pixel Table: Data.pixtab
Writing on: Interpolated_Data.pixtab
Saving backup pixtab on: interpolated_pixtab_bckps\Interpolated_Data_21-01-2020_15h35m13s.pixtab

[21-01-2020_18h00m03s]:
Interpolating Pixel Table: Data.pixtab
Writing on: Interpolated_Data.pixtab
Saving backup pixtab on: interpolated_pixtab_bckps\Interpolated_Data_21-01-2020_18h00m03s.pixtab

[21-01-2020_18h28m37s]:
Interpolating Pixel Table: Data.pixtab
Writing on: Interpolated_Data.pixtab
Saving backup pixtab on: interpolated_pixtab_bckps\Interpolated_Data_21-01-2020_18h28m37s.pixtab

[21-01-2020_18h55m27s]:
Interpolating Pixel Table: Data.pixtab
Writing on: Interpolated_Data.pixtab
Saving backup pixtab on: interpolated_pixtab_bckps\Interpolated_Data_21-01-2020_18h55m27s.pixtab

[21-01-2020_21h51m07s]:
Interpolating Pixel Table: Data.pixtab
Writing on: Interpolated_Data.pixtab
Saving backup pixtab on: interpolated_pixtab_bckps\Interpolated_Data_21-01-2020_21h51m07s.pixtab

[21-01-2020_22h54m51s]:
Interpolating Pixel Table: Data.pixtab
Writing on: Interpolated_Data.pixtab
Saving backup pixtab on: interpolated_pixtab_bckps\Interpolated_Data_21-01-2020_22h54m51s.pixtab

[22-01-2020_00h22m58s]:
Interpolating Pixel Table: Data.pixtab
Writing on: Interpolated_Data.pixtab
Saving backup pixtab on: interpolated_pixtab_bckps\Interpolated_Data_22-01-2020_00h22m58s.pixtab

[22-01-2020_01h31m50s]:
Interpolating Pixel Table: Data.pixtab
Writing on: Interpolated_Data.pixtab
Saving backup pixtab on: interpolated_pixtab_bckps\Interpolated_Data_22-01-2020_01h31m50s.pixtab

[22-01-2020_02h31m42s]:
Interpolating Pixel Table: Data.pixtab
Writing on: Interpolated_Data.pixtab
Saving backup pixtab on: interpolated_pixtab_bckps\Interpolated_Data_22-01-2020_02h31m42s.pixtab

[22-01-2020_19h09m11s]:
Interpolating Pixel Table: Data.pixtab
Writing on: Interpolated_Data.pixtab
Saving backup pixtab on: interpolated_pixtab_bckps\Interpolated_Data_22-01-2020_19h09m11s.pixtab

[22-01-2020_21h25m21s]:
Interpolating Pixel Table: Data.pixtab
Writing on: Interpolated_Data.pixtab
Saving backup pixtab on: interpolated_pixtab_bckps\Interpolated_Data_22-01-2020_21h25m21s.pixtab

[23-01-2020_03h35m51s]:
Interpolating Pixel Table: Data.pixtab
Writing on: Interpolated_Data.pixtab
Saving backup pixtab on: interpolated_pixtab_bckps\Interpolated_Data_23-01-2020_03h35m51s.pixtab

[23-01-2020_22h24m46s]:
Interpolating Pixel Table: Data.pixtab
Writing on: Interpolated_Data.pixtab
Saving backup pixtab on: interpolated_pixtab_bckps\Interpolated_Data_23-01-2020_22h24m46s.pixtab

[23-01-2020_23h51m06s]:
Interpolating Pixel Table: Data.pixtab
Writing on: Interpolated_Data.pixtab
Saving backup pixtab on: interpolated_pixtab_bckps\Interpolated_Data_23-01-2020_23h51m06s.pixtab
